2024-08-13 16:05:54,279 - INFO - Listing all containers.
2024-08-13 16:05:58,317 - INFO - Container 'a595dfd8564dc98e6ac41360b18b684442342dc22075b9fb2dec1e68fd82fa73' started.
2024-08-13 16:05:58,317 - INFO - Listing all containers.
2024-08-13 16:06:00,215 - INFO - Opening resource monitor for container: a595dfd8564dc98e6ac41360b18b684442342dc22075b9fb2dec1e68fd82fa73
2024-08-13 16:06:34,464 - INFO - Listing all containers.
2024-08-13 16:06:39,594 - INFO - Container '2172c3a7926b4344714aec0530aa9805d2487d073a8dd72329124fd4917b5536' started.
2024-08-13 16:06:39,595 - INFO - Listing all containers.
2024-08-13 16:06:43,008 - INFO - Opening resource monitor for container: 2172c3a7926b4344714aec0530aa9805d2487d073a8dd72329124fd4917b5536
2024-08-13 16:09:02,350 - INFO - Container '2172c3a7926b4344714aec0530aa9805d2487d073a8dd72329124fd4917b5536' stopped.
2024-08-13 16:09:02,350 - INFO - Listing all containers.
2024-08-13 16:09:02,960 - ERROR - Error occurred while getting disk usage: 409 Client Error for http+docker://localhost/v1.46/containers/2172c3a7926b4344714aec0530aa9805d2487d073a8dd72329124fd4917b5536/exec: Conflict ("container 2172c3a7926b4344714aec0530aa9805d2487d073a8dd72329124fd4917b5536 is not running")
2024-08-13 16:09:03,969 - ERROR - Error occurred while getting disk usage: 409 Client Error for http+docker://localhost/v1.46/containers/2172c3a7926b4344714aec0530aa9805d2487d073a8dd72329124fd4917b5536/exec: Conflict ("container 2172c3a7926b4344714aec0530aa9805d2487d073a8dd72329124fd4917b5536 is not running")
2024-08-13 16:09:04,973 - ERROR - Error occurred while getting disk usage: 409 Client Error for http+docker://localhost/v1.46/containers/2172c3a7926b4344714aec0530aa9805d2487d073a8dd72329124fd4917b5536/exec: Conflict ("container 2172c3a7926b4344714aec0530aa9805d2487d073a8dd72329124fd4917b5536 is not running")
2024-08-13 16:09:05,977 - ERROR - Error occurred while getting disk usage: 409 Client Error for http+docker://localhost/v1.46/containers/2172c3a7926b4344714aec0530aa9805d2487d073a8dd72329124fd4917b5536/exec: Conflict ("container 2172c3a7926b4344714aec0530aa9805d2487d073a8dd72329124fd4917b5536 is not running")
2024-08-13 16:09:06,984 - ERROR - Error occurred while getting disk usage: 409 Client Error for http+docker://localhost/v1.46/containers/2172c3a7926b4344714aec0530aa9805d2487d073a8dd72329124fd4917b5536/exec: Conflict ("container 2172c3a7926b4344714aec0530aa9805d2487d073a8dd72329124fd4917b5536 is not running")
2024-08-13 16:09:08,003 - ERROR - Error occurred while getting disk usage: 409 Client Error for http+docker://localhost/v1.46/containers/2172c3a7926b4344714aec0530aa9805d2487d073a8dd72329124fd4917b5536/exec: Conflict ("container 2172c3a7926b4344714aec0530aa9805d2487d073a8dd72329124fd4917b5536 is not running")
2024-08-13 16:09:09,007 - ERROR - Error occurred while getting disk usage: 409 Client Error for http+docker://localhost/v1.46/containers/2172c3a7926b4344714aec0530aa9805d2487d073a8dd72329124fd4917b5536/exec: Conflict ("container 2172c3a7926b4344714aec0530aa9805d2487d073a8dd72329124fd4917b5536 is not running")
2024-08-13 16:09:10,014 - ERROR - Error occurred while getting disk usage: 409 Client Error for http+docker://localhost/v1.46/containers/2172c3a7926b4344714aec0530aa9805d2487d073a8dd72329124fd4917b5536/exec: Conflict ("container 2172c3a7926b4344714aec0530aa9805d2487d073a8dd72329124fd4917b5536 is not running")
2024-08-13 16:09:11,022 - ERROR - Error occurred while getting disk usage: 409 Client Error for http+docker://localhost/v1.46/containers/2172c3a7926b4344714aec0530aa9805d2487d073a8dd72329124fd4917b5536/exec: Conflict ("container 2172c3a7926b4344714aec0530aa9805d2487d073a8dd72329124fd4917b5536 is not running")
2024-08-13 16:09:12,027 - ERROR - Error occurred while getting disk usage: 409 Client Error for http+docker://localhost/v1.46/containers/2172c3a7926b4344714aec0530aa9805d2487d073a8dd72329124fd4917b5536/exec: Conflict ("container 2172c3a7926b4344714aec0530aa9805d2487d073a8dd72329124fd4917b5536 is not running")
2024-08-13 16:09:13,037 - ERROR - Error occurred while getting disk usage: 409 Client Error for http+docker://localhost/v1.46/containers/2172c3a7926b4344714aec0530aa9805d2487d073a8dd72329124fd4917b5536/exec: Conflict ("container 2172c3a7926b4344714aec0530aa9805d2487d073a8dd72329124fd4917b5536 is not running")
2024-08-13 16:09:14,043 - ERROR - Error occurred while getting disk usage: 409 Client Error for http+docker://localhost/v1.46/containers/2172c3a7926b4344714aec0530aa9805d2487d073a8dd72329124fd4917b5536/exec: Conflict ("container 2172c3a7926b4344714aec0530aa9805d2487d073a8dd72329124fd4917b5536 is not running")
2024-08-13 16:09:15,047 - ERROR - Error occurred while getting disk usage: 409 Client Error for http+docker://localhost/v1.46/containers/2172c3a7926b4344714aec0530aa9805d2487d073a8dd72329124fd4917b5536/exec: Conflict ("container 2172c3a7926b4344714aec0530aa9805d2487d073a8dd72329124fd4917b5536 is not running")
2024-08-13 16:09:16,055 - ERROR - Error occurred while getting disk usage: 409 Client Error for http+docker://localhost/v1.46/containers/2172c3a7926b4344714aec0530aa9805d2487d073a8dd72329124fd4917b5536/exec: Conflict ("container 2172c3a7926b4344714aec0530aa9805d2487d073a8dd72329124fd4917b5536 is not running")
2024-08-13 16:09:17,058 - ERROR - Error occurred while getting disk usage: 409 Client Error for http+docker://localhost/v1.46/containers/2172c3a7926b4344714aec0530aa9805d2487d073a8dd72329124fd4917b5536/exec: Conflict ("container 2172c3a7926b4344714aec0530aa9805d2487d073a8dd72329124fd4917b5536 is not running")
2024-08-13 16:09:18,063 - ERROR - Error occurred while getting disk usage: 409 Client Error for http+docker://localhost/v1.46/containers/2172c3a7926b4344714aec0530aa9805d2487d073a8dd72329124fd4917b5536/exec: Conflict ("container 2172c3a7926b4344714aec0530aa9805d2487d073a8dd72329124fd4917b5536 is not running")
2024-08-13 16:09:19,067 - ERROR - Error occurred while getting disk usage: 409 Client Error for http+docker://localhost/v1.46/containers/2172c3a7926b4344714aec0530aa9805d2487d073a8dd72329124fd4917b5536/exec: Conflict ("container 2172c3a7926b4344714aec0530aa9805d2487d073a8dd72329124fd4917b5536 is not running")
2024-08-13 16:09:20,071 - ERROR - Error occurred while getting disk usage: 409 Client Error for http+docker://localhost/v1.46/containers/2172c3a7926b4344714aec0530aa9805d2487d073a8dd72329124fd4917b5536/exec: Conflict ("container 2172c3a7926b4344714aec0530aa9805d2487d073a8dd72329124fd4917b5536 is not running")
2024-08-13 16:09:21,075 - ERROR - Error occurred while getting disk usage: 409 Client Error for http+docker://localhost/v1.46/containers/2172c3a7926b4344714aec0530aa9805d2487d073a8dd72329124fd4917b5536/exec: Conflict ("container 2172c3a7926b4344714aec0530aa9805d2487d073a8dd72329124fd4917b5536 is not running")
2024-08-13 16:09:22,082 - ERROR - Error occurred while getting disk usage: 409 Client Error for http+docker://localhost/v1.46/containers/2172c3a7926b4344714aec0530aa9805d2487d073a8dd72329124fd4917b5536/exec: Conflict ("container 2172c3a7926b4344714aec0530aa9805d2487d073a8dd72329124fd4917b5536 is not running")
2024-08-13 16:09:23,087 - ERROR - Error occurred while getting disk usage: 409 Client Error for http+docker://localhost/v1.46/containers/2172c3a7926b4344714aec0530aa9805d2487d073a8dd72329124fd4917b5536/exec: Conflict ("container 2172c3a7926b4344714aec0530aa9805d2487d073a8dd72329124fd4917b5536 is not running")
2024-08-13 16:09:24,090 - ERROR - Error occurred while getting disk usage: 409 Client Error for http+docker://localhost/v1.46/containers/2172c3a7926b4344714aec0530aa9805d2487d073a8dd72329124fd4917b5536/exec: Conflict ("container 2172c3a7926b4344714aec0530aa9805d2487d073a8dd72329124fd4917b5536 is not running")
2024-08-13 16:09:25,097 - ERROR - Error occurred while getting disk usage: 409 Client Error for http+docker://localhost/v1.46/containers/2172c3a7926b4344714aec0530aa9805d2487d073a8dd72329124fd4917b5536/exec: Conflict ("container 2172c3a7926b4344714aec0530aa9805d2487d073a8dd72329124fd4917b5536 is not running")
2024-08-13 16:09:26,104 - ERROR - Error occurred while getting disk usage: 409 Client Error for http+docker://localhost/v1.46/containers/2172c3a7926b4344714aec0530aa9805d2487d073a8dd72329124fd4917b5536/exec: Conflict ("container 2172c3a7926b4344714aec0530aa9805d2487d073a8dd72329124fd4917b5536 is not running")
2024-08-13 16:09:27,108 - ERROR - Error occurred while getting disk usage: 409 Client Error for http+docker://localhost/v1.46/containers/2172c3a7926b4344714aec0530aa9805d2487d073a8dd72329124fd4917b5536/exec: Conflict ("container 2172c3a7926b4344714aec0530aa9805d2487d073a8dd72329124fd4917b5536 is not running")
2024-08-13 16:09:28,112 - ERROR - Error occurred while getting disk usage: 409 Client Error for http+docker://localhost/v1.46/containers/2172c3a7926b4344714aec0530aa9805d2487d073a8dd72329124fd4917b5536/exec: Conflict ("container 2172c3a7926b4344714aec0530aa9805d2487d073a8dd72329124fd4917b5536 is not running")
2024-08-13 16:09:29,116 - ERROR - Error occurred while getting disk usage: 409 Client Error for http+docker://localhost/v1.46/containers/2172c3a7926b4344714aec0530aa9805d2487d073a8dd72329124fd4917b5536/exec: Conflict ("container 2172c3a7926b4344714aec0530aa9805d2487d073a8dd72329124fd4917b5536 is not running")
2024-08-13 16:09:30,120 - ERROR - Error occurred while getting disk usage: 409 Client Error for http+docker://localhost/v1.46/containers/2172c3a7926b4344714aec0530aa9805d2487d073a8dd72329124fd4917b5536/exec: Conflict ("container 2172c3a7926b4344714aec0530aa9805d2487d073a8dd72329124fd4917b5536 is not running")
2024-08-13 16:09:31,131 - ERROR - Error occurred while getting disk usage: 409 Client Error for http+docker://localhost/v1.46/containers/2172c3a7926b4344714aec0530aa9805d2487d073a8dd72329124fd4917b5536/exec: Conflict ("container 2172c3a7926b4344714aec0530aa9805d2487d073a8dd72329124fd4917b5536 is not running")
2024-08-13 16:09:32,142 - ERROR - Error occurred while getting disk usage: 409 Client Error for http+docker://localhost/v1.46/containers/2172c3a7926b4344714aec0530aa9805d2487d073a8dd72329124fd4917b5536/exec: Conflict ("container 2172c3a7926b4344714aec0530aa9805d2487d073a8dd72329124fd4917b5536 is not running")
2024-08-13 16:09:33,146 - ERROR - Error occurred while getting disk usage: 409 Client Error for http+docker://localhost/v1.46/containers/2172c3a7926b4344714aec0530aa9805d2487d073a8dd72329124fd4917b5536/exec: Conflict ("container 2172c3a7926b4344714aec0530aa9805d2487d073a8dd72329124fd4917b5536 is not running")
2024-08-13 16:09:34,151 - ERROR - Error occurred while getting disk usage: 409 Client Error for http+docker://localhost/v1.46/containers/2172c3a7926b4344714aec0530aa9805d2487d073a8dd72329124fd4917b5536/exec: Conflict ("container 2172c3a7926b4344714aec0530aa9805d2487d073a8dd72329124fd4917b5536 is not running")
2024-08-13 16:09:35,155 - ERROR - Error occurred while getting disk usage: 409 Client Error for http+docker://localhost/v1.46/containers/2172c3a7926b4344714aec0530aa9805d2487d073a8dd72329124fd4917b5536/exec: Conflict ("container 2172c3a7926b4344714aec0530aa9805d2487d073a8dd72329124fd4917b5536 is not running")
2024-08-13 16:09:36,159 - ERROR - Error occurred while getting disk usage: 409 Client Error for http+docker://localhost/v1.46/containers/2172c3a7926b4344714aec0530aa9805d2487d073a8dd72329124fd4917b5536/exec: Conflict ("container 2172c3a7926b4344714aec0530aa9805d2487d073a8dd72329124fd4917b5536 is not running")
2024-08-13 16:09:37,165 - ERROR - Error occurred while getting disk usage: 409 Client Error for http+docker://localhost/v1.46/containers/2172c3a7926b4344714aec0530aa9805d2487d073a8dd72329124fd4917b5536/exec: Conflict ("container 2172c3a7926b4344714aec0530aa9805d2487d073a8dd72329124fd4917b5536 is not running")
2024-08-13 16:09:38,169 - ERROR - Error occurred while getting disk usage: 409 Client Error for http+docker://localhost/v1.46/containers/2172c3a7926b4344714aec0530aa9805d2487d073a8dd72329124fd4917b5536/exec: Conflict ("container 2172c3a7926b4344714aec0530aa9805d2487d073a8dd72329124fd4917b5536 is not running")
2024-08-13 16:09:39,173 - ERROR - Error occurred while getting disk usage: 409 Client Error for http+docker://localhost/v1.46/containers/2172c3a7926b4344714aec0530aa9805d2487d073a8dd72329124fd4917b5536/exec: Conflict ("container 2172c3a7926b4344714aec0530aa9805d2487d073a8dd72329124fd4917b5536 is not running")
2024-08-13 16:09:40,177 - ERROR - Error occurred while getting disk usage: 409 Client Error for http+docker://localhost/v1.46/containers/2172c3a7926b4344714aec0530aa9805d2487d073a8dd72329124fd4917b5536/exec: Conflict ("container 2172c3a7926b4344714aec0530aa9805d2487d073a8dd72329124fd4917b5536 is not running")
2024-08-13 16:09:41,181 - ERROR - Error occurred while getting disk usage: 409 Client Error for http+docker://localhost/v1.46/containers/2172c3a7926b4344714aec0530aa9805d2487d073a8dd72329124fd4917b5536/exec: Conflict ("container 2172c3a7926b4344714aec0530aa9805d2487d073a8dd72329124fd4917b5536 is not running")
2024-08-13 16:09:42,184 - ERROR - Error occurred while getting disk usage: 409 Client Error for http+docker://localhost/v1.46/containers/2172c3a7926b4344714aec0530aa9805d2487d073a8dd72329124fd4917b5536/exec: Conflict ("container 2172c3a7926b4344714aec0530aa9805d2487d073a8dd72329124fd4917b5536 is not running")
2024-08-13 16:09:43,190 - ERROR - Error occurred while getting disk usage: 409 Client Error for http+docker://localhost/v1.46/containers/2172c3a7926b4344714aec0530aa9805d2487d073a8dd72329124fd4917b5536/exec: Conflict ("container 2172c3a7926b4344714aec0530aa9805d2487d073a8dd72329124fd4917b5536 is not running")
2024-08-13 16:09:44,194 - ERROR - Error occurred while getting disk usage: 409 Client Error for http+docker://localhost/v1.46/containers/2172c3a7926b4344714aec0530aa9805d2487d073a8dd72329124fd4917b5536/exec: Conflict ("container 2172c3a7926b4344714aec0530aa9805d2487d073a8dd72329124fd4917b5536 is not running")
2024-08-13 16:09:45,202 - ERROR - Error occurred while getting disk usage: 409 Client Error for http+docker://localhost/v1.46/containers/2172c3a7926b4344714aec0530aa9805d2487d073a8dd72329124fd4917b5536/exec: Conflict ("container 2172c3a7926b4344714aec0530aa9805d2487d073a8dd72329124fd4917b5536 is not running")
2024-08-13 16:09:46,208 - ERROR - Error occurred while getting disk usage: 409 Client Error for http+docker://localhost/v1.46/containers/2172c3a7926b4344714aec0530aa9805d2487d073a8dd72329124fd4917b5536/exec: Conflict ("container 2172c3a7926b4344714aec0530aa9805d2487d073a8dd72329124fd4917b5536 is not running")
2024-08-13 16:09:47,213 - ERROR - Error occurred while getting disk usage: 409 Client Error for http+docker://localhost/v1.46/containers/2172c3a7926b4344714aec0530aa9805d2487d073a8dd72329124fd4917b5536/exec: Conflict ("container 2172c3a7926b4344714aec0530aa9805d2487d073a8dd72329124fd4917b5536 is not running")
2024-08-13 16:09:48,217 - ERROR - Error occurred while getting disk usage: 409 Client Error for http+docker://localhost/v1.46/containers/2172c3a7926b4344714aec0530aa9805d2487d073a8dd72329124fd4917b5536/exec: Conflict ("container 2172c3a7926b4344714aec0530aa9805d2487d073a8dd72329124fd4917b5536 is not running")
2024-08-13 16:09:49,223 - ERROR - Error occurred while getting disk usage: 409 Client Error for http+docker://localhost/v1.46/containers/2172c3a7926b4344714aec0530aa9805d2487d073a8dd72329124fd4917b5536/exec: Conflict ("container 2172c3a7926b4344714aec0530aa9805d2487d073a8dd72329124fd4917b5536 is not running")
2024-08-13 16:09:50,226 - ERROR - Error occurred while getting disk usage: 409 Client Error for http+docker://localhost/v1.46/containers/2172c3a7926b4344714aec0530aa9805d2487d073a8dd72329124fd4917b5536/exec: Conflict ("container 2172c3a7926b4344714aec0530aa9805d2487d073a8dd72329124fd4917b5536 is not running")
2024-08-13 16:09:51,234 - ERROR - Error occurred while getting disk usage: 409 Client Error for http+docker://localhost/v1.46/containers/2172c3a7926b4344714aec0530aa9805d2487d073a8dd72329124fd4917b5536/exec: Conflict ("container 2172c3a7926b4344714aec0530aa9805d2487d073a8dd72329124fd4917b5536 is not running")
2024-08-13 16:09:52,238 - ERROR - Error occurred while getting disk usage: 409 Client Error for http+docker://localhost/v1.46/containers/2172c3a7926b4344714aec0530aa9805d2487d073a8dd72329124fd4917b5536/exec: Conflict ("container 2172c3a7926b4344714aec0530aa9805d2487d073a8dd72329124fd4917b5536 is not running")
2024-08-13 16:09:53,245 - ERROR - Error occurred while getting disk usage: 409 Client Error for http+docker://localhost/v1.46/containers/2172c3a7926b4344714aec0530aa9805d2487d073a8dd72329124fd4917b5536/exec: Conflict ("container 2172c3a7926b4344714aec0530aa9805d2487d073a8dd72329124fd4917b5536 is not running")
2024-08-13 16:09:54,249 - ERROR - Error occurred while getting disk usage: 409 Client Error for http+docker://localhost/v1.46/containers/2172c3a7926b4344714aec0530aa9805d2487d073a8dd72329124fd4917b5536/exec: Conflict ("container 2172c3a7926b4344714aec0530aa9805d2487d073a8dd72329124fd4917b5536 is not running")
2024-08-13 16:09:55,252 - ERROR - Error occurred while getting disk usage: 409 Client Error for http+docker://localhost/v1.46/containers/2172c3a7926b4344714aec0530aa9805d2487d073a8dd72329124fd4917b5536/exec: Conflict ("container 2172c3a7926b4344714aec0530aa9805d2487d073a8dd72329124fd4917b5536 is not running")
2024-08-13 16:09:56,256 - ERROR - Error occurred while getting disk usage: 409 Client Error for http+docker://localhost/v1.46/containers/2172c3a7926b4344714aec0530aa9805d2487d073a8dd72329124fd4917b5536/exec: Conflict ("container 2172c3a7926b4344714aec0530aa9805d2487d073a8dd72329124fd4917b5536 is not running")
2024-08-13 16:09:57,260 - ERROR - Error occurred while getting disk usage: 409 Client Error for http+docker://localhost/v1.46/containers/2172c3a7926b4344714aec0530aa9805d2487d073a8dd72329124fd4917b5536/exec: Conflict ("container 2172c3a7926b4344714aec0530aa9805d2487d073a8dd72329124fd4917b5536 is not running")
2024-08-13 16:09:58,264 - ERROR - Error occurred while getting disk usage: 409 Client Error for http+docker://localhost/v1.46/containers/2172c3a7926b4344714aec0530aa9805d2487d073a8dd72329124fd4917b5536/exec: Conflict ("container 2172c3a7926b4344714aec0530aa9805d2487d073a8dd72329124fd4917b5536 is not running")
2024-08-13 16:09:59,268 - ERROR - Error occurred while getting disk usage: 409 Client Error for http+docker://localhost/v1.46/containers/2172c3a7926b4344714aec0530aa9805d2487d073a8dd72329124fd4917b5536/exec: Conflict ("container 2172c3a7926b4344714aec0530aa9805d2487d073a8dd72329124fd4917b5536 is not running")
2024-08-13 16:10:00,271 - ERROR - Error occurred while getting disk usage: 409 Client Error for http+docker://localhost/v1.46/containers/2172c3a7926b4344714aec0530aa9805d2487d073a8dd72329124fd4917b5536/exec: Conflict ("container 2172c3a7926b4344714aec0530aa9805d2487d073a8dd72329124fd4917b5536 is not running")
2024-08-13 16:10:01,275 - ERROR - Error occurred while getting disk usage: 409 Client Error for http+docker://localhost/v1.46/containers/2172c3a7926b4344714aec0530aa9805d2487d073a8dd72329124fd4917b5536/exec: Conflict ("container 2172c3a7926b4344714aec0530aa9805d2487d073a8dd72329124fd4917b5536 is not running")
2024-08-13 16:10:02,279 - ERROR - Error occurred while getting disk usage: 409 Client Error for http+docker://localhost/v1.46/containers/2172c3a7926b4344714aec0530aa9805d2487d073a8dd72329124fd4917b5536/exec: Conflict ("container 2172c3a7926b4344714aec0530aa9805d2487d073a8dd72329124fd4917b5536 is not running")
2024-08-13 16:10:03,285 - ERROR - Error occurred while getting disk usage: 409 Client Error for http+docker://localhost/v1.46/containers/2172c3a7926b4344714aec0530aa9805d2487d073a8dd72329124fd4917b5536/exec: Conflict ("container 2172c3a7926b4344714aec0530aa9805d2487d073a8dd72329124fd4917b5536 is not running")
2024-08-13 16:10:04,291 - ERROR - Error occurred while getting disk usage: 409 Client Error for http+docker://localhost/v1.46/containers/2172c3a7926b4344714aec0530aa9805d2487d073a8dd72329124fd4917b5536/exec: Conflict ("container 2172c3a7926b4344714aec0530aa9805d2487d073a8dd72329124fd4917b5536 is not running")
2024-08-13 16:10:05,295 - ERROR - Error occurred while getting disk usage: 409 Client Error for http+docker://localhost/v1.46/containers/2172c3a7926b4344714aec0530aa9805d2487d073a8dd72329124fd4917b5536/exec: Conflict ("container 2172c3a7926b4344714aec0530aa9805d2487d073a8dd72329124fd4917b5536 is not running")
2024-08-13 16:10:06,305 - ERROR - Error occurred while getting disk usage: 409 Client Error for http+docker://localhost/v1.46/containers/2172c3a7926b4344714aec0530aa9805d2487d073a8dd72329124fd4917b5536/exec: Conflict ("container 2172c3a7926b4344714aec0530aa9805d2487d073a8dd72329124fd4917b5536 is not running")
2024-08-13 16:10:07,309 - ERROR - Error occurred while getting disk usage: 409 Client Error for http+docker://localhost/v1.46/containers/2172c3a7926b4344714aec0530aa9805d2487d073a8dd72329124fd4917b5536/exec: Conflict ("container 2172c3a7926b4344714aec0530aa9805d2487d073a8dd72329124fd4917b5536 is not running")
2024-08-13 16:10:08,319 - ERROR - Error occurred while getting disk usage: 409 Client Error for http+docker://localhost/v1.46/containers/2172c3a7926b4344714aec0530aa9805d2487d073a8dd72329124fd4917b5536/exec: Conflict ("container 2172c3a7926b4344714aec0530aa9805d2487d073a8dd72329124fd4917b5536 is not running")
2024-08-13 16:15:50,789 - INFO - Listing all containers.
2024-08-13 16:15:53,405 - INFO - Opening resource monitor for container: a595dfd8564dc98e6ac41360b18b684442342dc22075b9fb2dec1e68fd82fa73
2024-08-13 16:16:07,088 - INFO - Container 'a595dfd8564dc98e6ac41360b18b684442342dc22075b9fb2dec1e68fd82fa73' stopped.
2024-08-13 16:16:07,088 - INFO - Listing all containers.
2024-08-13 16:16:07,996 - ERROR - Error occurred while getting disk usage: 409 Client Error for http+docker://localhost/v1.46/containers/a595dfd8564dc98e6ac41360b18b684442342dc22075b9fb2dec1e68fd82fa73/exec: Conflict ("container a595dfd8564dc98e6ac41360b18b684442342dc22075b9fb2dec1e68fd82fa73 is not running")
2024-08-13 16:16:09,000 - ERROR - Error occurred while getting disk usage: 409 Client Error for http+docker://localhost/v1.46/containers/a595dfd8564dc98e6ac41360b18b684442342dc22075b9fb2dec1e68fd82fa73/exec: Conflict ("container a595dfd8564dc98e6ac41360b18b684442342dc22075b9fb2dec1e68fd82fa73 is not running")
2024-08-13 16:16:10,004 - ERROR - Error occurred while getting disk usage: 409 Client Error for http+docker://localhost/v1.46/containers/a595dfd8564dc98e6ac41360b18b684442342dc22075b9fb2dec1e68fd82fa73/exec: Conflict ("container a595dfd8564dc98e6ac41360b18b684442342dc22075b9fb2dec1e68fd82fa73 is not running")
2024-08-13 16:16:11,008 - ERROR - Error occurred while getting disk usage: 409 Client Error for http+docker://localhost/v1.46/containers/a595dfd8564dc98e6ac41360b18b684442342dc22075b9fb2dec1e68fd82fa73/exec: Conflict ("container a595dfd8564dc98e6ac41360b18b684442342dc22075b9fb2dec1e68fd82fa73 is not running")
2024-08-13 16:16:12,012 - ERROR - Error occurred while getting disk usage: 409 Client Error for http+docker://localhost/v1.46/containers/a595dfd8564dc98e6ac41360b18b684442342dc22075b9fb2dec1e68fd82fa73/exec: Conflict ("container a595dfd8564dc98e6ac41360b18b684442342dc22075b9fb2dec1e68fd82fa73 is not running")
2024-08-13 16:16:13,016 - ERROR - Error occurred while getting disk usage: 409 Client Error for http+docker://localhost/v1.46/containers/a595dfd8564dc98e6ac41360b18b684442342dc22075b9fb2dec1e68fd82fa73/exec: Conflict ("container a595dfd8564dc98e6ac41360b18b684442342dc22075b9fb2dec1e68fd82fa73 is not running")
2024-08-13 16:16:14,019 - ERROR - Error occurred while getting disk usage: 409 Client Error for http+docker://localhost/v1.46/containers/a595dfd8564dc98e6ac41360b18b684442342dc22075b9fb2dec1e68fd82fa73/exec: Conflict ("container a595dfd8564dc98e6ac41360b18b684442342dc22075b9fb2dec1e68fd82fa73 is not running")
2024-08-13 16:16:15,023 - ERROR - Error occurred while getting disk usage: 409 Client Error for http+docker://localhost/v1.46/containers/a595dfd8564dc98e6ac41360b18b684442342dc22075b9fb2dec1e68fd82fa73/exec: Conflict ("container a595dfd8564dc98e6ac41360b18b684442342dc22075b9fb2dec1e68fd82fa73 is not running")
2024-08-13 16:16:16,028 - ERROR - Error occurred while getting disk usage: 409 Client Error for http+docker://localhost/v1.46/containers/a595dfd8564dc98e6ac41360b18b684442342dc22075b9fb2dec1e68fd82fa73/exec: Conflict ("container a595dfd8564dc98e6ac41360b18b684442342dc22075b9fb2dec1e68fd82fa73 is not running")
2024-08-13 16:16:17,033 - ERROR - Error occurred while getting disk usage: 409 Client Error for http+docker://localhost/v1.46/containers/a595dfd8564dc98e6ac41360b18b684442342dc22075b9fb2dec1e68fd82fa73/exec: Conflict ("container a595dfd8564dc98e6ac41360b18b684442342dc22075b9fb2dec1e68fd82fa73 is not running")
2024-08-13 16:16:18,036 - ERROR - Error occurred while getting disk usage: 409 Client Error for http+docker://localhost/v1.46/containers/a595dfd8564dc98e6ac41360b18b684442342dc22075b9fb2dec1e68fd82fa73/exec: Conflict ("container a595dfd8564dc98e6ac41360b18b684442342dc22075b9fb2dec1e68fd82fa73 is not running")
2024-08-13 16:16:19,041 - ERROR - Error occurred while getting disk usage: 409 Client Error for http+docker://localhost/v1.46/containers/a595dfd8564dc98e6ac41360b18b684442342dc22075b9fb2dec1e68fd82fa73/exec: Conflict ("container a595dfd8564dc98e6ac41360b18b684442342dc22075b9fb2dec1e68fd82fa73 is not running")
2024-08-13 16:16:20,049 - ERROR - Error occurred while getting disk usage: 409 Client Error for http+docker://localhost/v1.46/containers/a595dfd8564dc98e6ac41360b18b684442342dc22075b9fb2dec1e68fd82fa73/exec: Conflict ("container a595dfd8564dc98e6ac41360b18b684442342dc22075b9fb2dec1e68fd82fa73 is not running")
2024-08-13 16:16:21,054 - ERROR - Error occurred while getting disk usage: 409 Client Error for http+docker://localhost/v1.46/containers/a595dfd8564dc98e6ac41360b18b684442342dc22075b9fb2dec1e68fd82fa73/exec: Conflict ("container a595dfd8564dc98e6ac41360b18b684442342dc22075b9fb2dec1e68fd82fa73 is not running")
2024-08-13 16:16:22,062 - ERROR - Error occurred while getting disk usage: 409 Client Error for http+docker://localhost/v1.46/containers/a595dfd8564dc98e6ac41360b18b684442342dc22075b9fb2dec1e68fd82fa73/exec: Conflict ("container a595dfd8564dc98e6ac41360b18b684442342dc22075b9fb2dec1e68fd82fa73 is not running")
2024-08-13 16:16:23,066 - ERROR - Error occurred while getting disk usage: 409 Client Error for http+docker://localhost/v1.46/containers/a595dfd8564dc98e6ac41360b18b684442342dc22075b9fb2dec1e68fd82fa73/exec: Conflict ("container a595dfd8564dc98e6ac41360b18b684442342dc22075b9fb2dec1e68fd82fa73 is not running")
2024-08-13 16:16:24,071 - ERROR - Error occurred while getting disk usage: 409 Client Error for http+docker://localhost/v1.46/containers/a595dfd8564dc98e6ac41360b18b684442342dc22075b9fb2dec1e68fd82fa73/exec: Conflict ("container a595dfd8564dc98e6ac41360b18b684442342dc22075b9fb2dec1e68fd82fa73 is not running")
2024-08-13 16:16:25,075 - ERROR - Error occurred while getting disk usage: 409 Client Error for http+docker://localhost/v1.46/containers/a595dfd8564dc98e6ac41360b18b684442342dc22075b9fb2dec1e68fd82fa73/exec: Conflict ("container a595dfd8564dc98e6ac41360b18b684442342dc22075b9fb2dec1e68fd82fa73 is not running")
2024-08-13 16:16:26,079 - ERROR - Error occurred while getting disk usage: 409 Client Error for http+docker://localhost/v1.46/containers/a595dfd8564dc98e6ac41360b18b684442342dc22075b9fb2dec1e68fd82fa73/exec: Conflict ("container a595dfd8564dc98e6ac41360b18b684442342dc22075b9fb2dec1e68fd82fa73 is not running")
2024-08-13 16:16:27,084 - ERROR - Error occurred while getting disk usage: 409 Client Error for http+docker://localhost/v1.46/containers/a595dfd8564dc98e6ac41360b18b684442342dc22075b9fb2dec1e68fd82fa73/exec: Conflict ("container a595dfd8564dc98e6ac41360b18b684442342dc22075b9fb2dec1e68fd82fa73 is not running")
2024-08-13 16:16:28,090 - ERROR - Error occurred while getting disk usage: 409 Client Error for http+docker://localhost/v1.46/containers/a595dfd8564dc98e6ac41360b18b684442342dc22075b9fb2dec1e68fd82fa73/exec: Conflict ("container a595dfd8564dc98e6ac41360b18b684442342dc22075b9fb2dec1e68fd82fa73 is not running")
2024-08-13 16:16:29,098 - ERROR - Error occurred while getting disk usage: 409 Client Error for http+docker://localhost/v1.46/containers/a595dfd8564dc98e6ac41360b18b684442342dc22075b9fb2dec1e68fd82fa73/exec: Conflict ("container a595dfd8564dc98e6ac41360b18b684442342dc22075b9fb2dec1e68fd82fa73 is not running")
2024-08-13 16:16:30,102 - ERROR - Error occurred while getting disk usage: 409 Client Error for http+docker://localhost/v1.46/containers/a595dfd8564dc98e6ac41360b18b684442342dc22075b9fb2dec1e68fd82fa73/exec: Conflict ("container a595dfd8564dc98e6ac41360b18b684442342dc22075b9fb2dec1e68fd82fa73 is not running")
2024-08-13 16:16:31,106 - ERROR - Error occurred while getting disk usage: 409 Client Error for http+docker://localhost/v1.46/containers/a595dfd8564dc98e6ac41360b18b684442342dc22075b9fb2dec1e68fd82fa73/exec: Conflict ("container a595dfd8564dc98e6ac41360b18b684442342dc22075b9fb2dec1e68fd82fa73 is not running")
2024-08-13 16:16:32,110 - ERROR - Error occurred while getting disk usage: 409 Client Error for http+docker://localhost/v1.46/containers/a595dfd8564dc98e6ac41360b18b684442342dc22075b9fb2dec1e68fd82fa73/exec: Conflict ("container a595dfd8564dc98e6ac41360b18b684442342dc22075b9fb2dec1e68fd82fa73 is not running")
2024-08-13 16:16:33,119 - ERROR - Error occurred while getting disk usage: 409 Client Error for http+docker://localhost/v1.46/containers/a595dfd8564dc98e6ac41360b18b684442342dc22075b9fb2dec1e68fd82fa73/exec: Conflict ("container a595dfd8564dc98e6ac41360b18b684442342dc22075b9fb2dec1e68fd82fa73 is not running")
2024-08-13 16:16:34,134 - ERROR - Error occurred while getting disk usage: 409 Client Error for http+docker://localhost/v1.46/containers/a595dfd8564dc98e6ac41360b18b684442342dc22075b9fb2dec1e68fd82fa73/exec: Conflict ("container a595dfd8564dc98e6ac41360b18b684442342dc22075b9fb2dec1e68fd82fa73 is not running")
2024-08-13 16:16:35,138 - ERROR - Error occurred while getting disk usage: 409 Client Error for http+docker://localhost/v1.46/containers/a595dfd8564dc98e6ac41360b18b684442342dc22075b9fb2dec1e68fd82fa73/exec: Conflict ("container a595dfd8564dc98e6ac41360b18b684442342dc22075b9fb2dec1e68fd82fa73 is not running")
2024-08-13 16:16:36,142 - ERROR - Error occurred while getting disk usage: 409 Client Error for http+docker://localhost/v1.46/containers/a595dfd8564dc98e6ac41360b18b684442342dc22075b9fb2dec1e68fd82fa73/exec: Conflict ("container a595dfd8564dc98e6ac41360b18b684442342dc22075b9fb2dec1e68fd82fa73 is not running")
2024-08-13 16:16:37,150 - ERROR - Error occurred while getting disk usage: 409 Client Error for http+docker://localhost/v1.46/containers/a595dfd8564dc98e6ac41360b18b684442342dc22075b9fb2dec1e68fd82fa73/exec: Conflict ("container a595dfd8564dc98e6ac41360b18b684442342dc22075b9fb2dec1e68fd82fa73 is not running")
2024-08-13 16:16:38,156 - ERROR - Error occurred while getting disk usage: 409 Client Error for http+docker://localhost/v1.46/containers/a595dfd8564dc98e6ac41360b18b684442342dc22075b9fb2dec1e68fd82fa73/exec: Conflict ("container a595dfd8564dc98e6ac41360b18b684442342dc22075b9fb2dec1e68fd82fa73 is not running")
2024-08-13 16:16:39,164 - ERROR - Error occurred while getting disk usage: 409 Client Error for http+docker://localhost/v1.46/containers/a595dfd8564dc98e6ac41360b18b684442342dc22075b9fb2dec1e68fd82fa73/exec: Conflict ("container a595dfd8564dc98e6ac41360b18b684442342dc22075b9fb2dec1e68fd82fa73 is not running")
2024-08-13 16:16:40,172 - ERROR - Error occurred while getting disk usage: 409 Client Error for http+docker://localhost/v1.46/containers/a595dfd8564dc98e6ac41360b18b684442342dc22075b9fb2dec1e68fd82fa73/exec: Conflict ("container a595dfd8564dc98e6ac41360b18b684442342dc22075b9fb2dec1e68fd82fa73 is not running")
2024-08-13 16:16:41,179 - ERROR - Error occurred while getting disk usage: 409 Client Error for http+docker://localhost/v1.46/containers/a595dfd8564dc98e6ac41360b18b684442342dc22075b9fb2dec1e68fd82fa73/exec: Conflict ("container a595dfd8564dc98e6ac41360b18b684442342dc22075b9fb2dec1e68fd82fa73 is not running")
2024-08-13 16:16:42,186 - ERROR - Error occurred while getting disk usage: 409 Client Error for http+docker://localhost/v1.46/containers/a595dfd8564dc98e6ac41360b18b684442342dc22075b9fb2dec1e68fd82fa73/exec: Conflict ("container a595dfd8564dc98e6ac41360b18b684442342dc22075b9fb2dec1e68fd82fa73 is not running")
2024-08-13 16:16:43,191 - ERROR - Error occurred while getting disk usage: 409 Client Error for http+docker://localhost/v1.46/containers/a595dfd8564dc98e6ac41360b18b684442342dc22075b9fb2dec1e68fd82fa73/exec: Conflict ("container a595dfd8564dc98e6ac41360b18b684442342dc22075b9fb2dec1e68fd82fa73 is not running")
2024-08-13 16:22:58,640 - INFO - Listing all containers.
2024-08-13 16:23:00,296 - ERROR - Cannot open resource monitor: Container a595dfd8564dc98e6ac41360b18b684442342dc22075b9fb2dec1e68fd82fa73 is not running.
2024-08-13 16:23:13,420 - INFO - Container 'a595dfd8564dc98e6ac41360b18b684442342dc22075b9fb2dec1e68fd82fa73' started.
2024-08-13 16:23:13,421 - INFO - Listing all containers.
2024-08-13 16:23:18,256 - INFO - Opening resource monitor for container: a595dfd8564dc98e6ac41360b18b684442342dc22075b9fb2dec1e68fd82fa73
2024-08-13 16:23:33,515 - INFO - Container 'a595dfd8564dc98e6ac41360b18b684442342dc22075b9fb2dec1e68fd82fa73' stopped.
2024-08-13 16:23:33,516 - INFO - Listing all containers.
2024-08-13 16:23:33,965 - ERROR - Error occurred while getting disk usage: 409 Client Error for http+docker://localhost/v1.46/containers/a595dfd8564dc98e6ac41360b18b684442342dc22075b9fb2dec1e68fd82fa73/exec: Conflict ("container a595dfd8564dc98e6ac41360b18b684442342dc22075b9fb2dec1e68fd82fa73 is not running")
2024-08-13 16:23:34,969 - ERROR - Error occurred while getting disk usage: 409 Client Error for http+docker://localhost/v1.46/containers/a595dfd8564dc98e6ac41360b18b684442342dc22075b9fb2dec1e68fd82fa73/exec: Conflict ("container a595dfd8564dc98e6ac41360b18b684442342dc22075b9fb2dec1e68fd82fa73 is not running")
2024-08-13 16:23:35,974 - ERROR - Error occurred while getting disk usage: 409 Client Error for http+docker://localhost/v1.46/containers/a595dfd8564dc98e6ac41360b18b684442342dc22075b9fb2dec1e68fd82fa73/exec: Conflict ("container a595dfd8564dc98e6ac41360b18b684442342dc22075b9fb2dec1e68fd82fa73 is not running")
2024-08-13 16:23:36,981 - ERROR - Error occurred while getting disk usage: 409 Client Error for http+docker://localhost/v1.46/containers/a595dfd8564dc98e6ac41360b18b684442342dc22075b9fb2dec1e68fd82fa73/exec: Conflict ("container a595dfd8564dc98e6ac41360b18b684442342dc22075b9fb2dec1e68fd82fa73 is not running")
2024-08-13 16:23:37,989 - ERROR - Error occurred while getting disk usage: 409 Client Error for http+docker://localhost/v1.46/containers/a595dfd8564dc98e6ac41360b18b684442342dc22075b9fb2dec1e68fd82fa73/exec: Conflict ("container a595dfd8564dc98e6ac41360b18b684442342dc22075b9fb2dec1e68fd82fa73 is not running")
2024-08-13 16:23:38,993 - ERROR - Error occurred while getting disk usage: 409 Client Error for http+docker://localhost/v1.46/containers/a595dfd8564dc98e6ac41360b18b684442342dc22075b9fb2dec1e68fd82fa73/exec: Conflict ("container a595dfd8564dc98e6ac41360b18b684442342dc22075b9fb2dec1e68fd82fa73 is not running")
2024-08-13 16:23:39,997 - ERROR - Error occurred while getting disk usage: 409 Client Error for http+docker://localhost/v1.46/containers/a595dfd8564dc98e6ac41360b18b684442342dc22075b9fb2dec1e68fd82fa73/exec: Conflict ("container a595dfd8564dc98e6ac41360b18b684442342dc22075b9fb2dec1e68fd82fa73 is not running")
2024-08-13 16:23:41,006 - ERROR - Error occurred while getting disk usage: 409 Client Error for http+docker://localhost/v1.46/containers/a595dfd8564dc98e6ac41360b18b684442342dc22075b9fb2dec1e68fd82fa73/exec: Conflict ("container a595dfd8564dc98e6ac41360b18b684442342dc22075b9fb2dec1e68fd82fa73 is not running")
2024-08-13 16:23:42,014 - ERROR - Error occurred while getting disk usage: 409 Client Error for http+docker://localhost/v1.46/containers/a595dfd8564dc98e6ac41360b18b684442342dc22075b9fb2dec1e68fd82fa73/exec: Conflict ("container a595dfd8564dc98e6ac41360b18b684442342dc22075b9fb2dec1e68fd82fa73 is not running")
2024-08-13 16:23:43,019 - ERROR - Error occurred while getting disk usage: 409 Client Error for http+docker://localhost/v1.46/containers/a595dfd8564dc98e6ac41360b18b684442342dc22075b9fb2dec1e68fd82fa73/exec: Conflict ("container a595dfd8564dc98e6ac41360b18b684442342dc22075b9fb2dec1e68fd82fa73 is not running")
2024-08-13 16:23:44,022 - ERROR - Error occurred while getting disk usage: 409 Client Error for http+docker://localhost/v1.46/containers/a595dfd8564dc98e6ac41360b18b684442342dc22075b9fb2dec1e68fd82fa73/exec: Conflict ("container a595dfd8564dc98e6ac41360b18b684442342dc22075b9fb2dec1e68fd82fa73 is not running")
2024-08-13 16:23:45,026 - ERROR - Error occurred while getting disk usage: 409 Client Error for http+docker://localhost/v1.46/containers/a595dfd8564dc98e6ac41360b18b684442342dc22075b9fb2dec1e68fd82fa73/exec: Conflict ("container a595dfd8564dc98e6ac41360b18b684442342dc22075b9fb2dec1e68fd82fa73 is not running")
2024-08-13 16:27:54,871 - INFO - Listing all containers.
2024-08-13 16:27:56,616 - INFO - Container 'a595dfd8564dc98e6ac41360b18b684442342dc22075b9fb2dec1e68fd82fa73' started.
2024-08-13 16:27:56,617 - INFO - Listing all containers.
2024-08-13 16:28:03,495 - INFO - Opening resource monitor for container: a595dfd8564dc98e6ac41360b18b684442342dc22075b9fb2dec1e68fd82fa73
2024-08-13 16:28:15,472 - INFO - Container 'a595dfd8564dc98e6ac41360b18b684442342dc22075b9fb2dec1e68fd82fa73' stopped.
2024-08-13 16:28:15,473 - INFO - Listing all containers.
2024-08-13 16:28:27,221 - INFO - Container 'a595dfd8564dc98e6ac41360b18b684442342dc22075b9fb2dec1e68fd82fa73' started.
2024-08-13 16:28:27,222 - INFO - Listing all containers.
2024-08-13 16:28:30,759 - INFO - Opening resource monitor for container: a595dfd8564dc98e6ac41360b18b684442342dc22075b9fb2dec1e68fd82fa73
2024-08-13 16:28:44,760 - INFO - Container 'a595dfd8564dc98e6ac41360b18b684442342dc22075b9fb2dec1e68fd82fa73' stopped.
2024-08-13 16:28:44,761 - INFO - Listing all containers.
2024-08-13 16:29:39,497 - INFO - Listing all containers.
2024-08-13 16:29:40,960 - INFO - Container '1217edaf1e33f0d15110ece80e229594ce2bc7833dd1dc690b03d98376d0e42a' started.
2024-08-13 16:29:40,961 - INFO - Listing all containers.
2024-08-13 16:29:43,241 - INFO - Opening resource monitor for container: 1217edaf1e33f0d15110ece80e229594ce2bc7833dd1dc690b03d98376d0e42a
2024-08-13 16:29:56,875 - INFO - Container '1217edaf1e33f0d15110ece80e229594ce2bc7833dd1dc690b03d98376d0e42a' stopped.
2024-08-13 16:29:56,875 - INFO - Listing all containers.
